Build started 4/18/2016 10:06:55 PM.
     1>Project "J:\cis27\code\cis27Spring2016NhatHoHW5Ex1\cis27Spring2016NhatHoHW5Ex1\cis27Spring2016NhatHoHW5Ex1.vcxproj" on node 2 (Build target(s)).
     1>ClCompile:
         C:\Program Files (x86)\Microsoft Visual Studio 14.0\VC\bin\CL.exe /c /ZI /nologo /W3 /WX- /sdl /Od /Oy- /D WIN32 /D _DEBUG /D _CONSOLE /D _UNICODE /D UNICODE /Gm /EHsc /RTC1 /MDd /GS /fp:precise /Zc:wchar_t /Zc:forScope /Zc:inline /Fo"Debug\\" /Fd"Debug\vc140.pdb" /Gd /TC /analyze- /errorReport:prompt cis27Spring2016NhatHoHW5Ex1.c
         cis27Spring2016NhatHoHW5Ex1.c
     1>j:\cis27\code\cis27spring2016nhathohw5ex1\cis27spring2016nhathohw5ex1\cis27spring2016nhathohw5ex1.c(20): error C2057: expected constant expression
     1>j:\cis27\code\cis27spring2016nhathohw5ex1\cis27spring2016nhathohw5ex1\cis27spring2016nhathohw5ex1.c(20): error C2466: cannot allocate an array of constant size 0
     1>j:\cis27\code\cis27spring2016nhathohw5ex1\cis27spring2016nhathohw5ex1\cis27spring2016nhathohw5ex1.c(20): error C2133: 'output': unknown size
     1>Done Building Project "J:\cis27\code\cis27Spring2016NhatHoHW5Ex1\cis27Spring2016NhatHoHW5Ex1\cis27Spring2016NhatHoHW5Ex1.vcxproj" (Build target(s)) -- FAILED.

Build FAILED.

Time Elapsed 00:00:00.45
